<?xml version="1.0" encoding="UTF-8"?>
<!-- Generated by org.testng.reporters.JUnitReportReporter -->
<testsuite name="Runner.RunCukesTest" tests="1" time="0.491" ignored="0" failures="0" timestamp="14 Dec 2017 12:29:27 GMT" skipped="0" hostname="94ZQ7BS" errors="0">
  <testcase name="feature" time="0.491" classname="Runner.RunCukesTest"/>
</testsuite> <!-- Runner.RunCukesTest -->
